    Student GPSS/H Release 3.70 (EC236)     24 Feb 2019   18:42:22     File: C:\Users\Alisher\Desktop\University\2018-2019 Winter\COIS4470\Assignments\Assignment 2\GPSS\Question4b.gps

    Line# Stmt#  If Do  Block#  *Loc	Operation	A,B,C,D,E,F,G	Comments  
 
        1     1                 *12345678901234567890123456789
        2     2                           SIMULATE
        3     3              1            GENERATE   180,180
        4     4              2            QUEUE      WAIT1
        5     5              3            QUEUE      WAIT2
        6     6              4            SEIZE      INTERCOM
        7     7              5            DEPART     WAIT1
        8     8              6            ADVANCE    180,60
        9     9              7            RELEASE    INTERCOM
       10    10              8            DEPART     WAIT2
       11    11              9            ADVANCE    15,3
       12    12             10            SEIZE      WINDOW
       13    13             11            ADVANCE    180,120
       14    14             12            RELEASE    WINDOW
       15    15             13            TERMINATE  1
       16    16                 *
       17    17                           START      100
       18    18                           END

Entity Dictionary (in ascending order by entity number; "*" => value conflict.)

       Facilities: 1=INTERCOM      2=WINDOW

           Queues: 1=WAIT1         2=WAIT2

Symbol   Value   EQU Defns  Context      References by Statement Number
 
INTERCOM     1              Facility         6     9
WINDOW       2              Facility        12    14
 
WAIT1        1              Queue            4     7
WAIT2        2              Queue            5    10



Storage Requirements (Bytes)

Compiled Code:      348
Compiled Data:       40
Miscellaneous:        0
Entities:           464
Common:           10000
-----------------------
Total:            10852



GPSS/H Model Size:

Control Statements      3
Blocks                 13



Simulation begins.

Relative Clock: 18936.6299   Absolute Clock: 18936.6299



Block Current     Total  Block Current     Total  
1                   103  11                  100 
2                   103  12                  100 
3           1       103  13                  100 
4                   102 
5                   102 
6           1       102 
7                   101 
8                   101 
9           1       101 
10                  100 



          --Avg-Util-During--                                                               
Facility  Total  Avail  Unavl     Entries    Average   Current  Percent  Seizing  Preempting
           Time   Time   Time               Time/Xact   Status   Avail     Xact      Xact   
INTERCOM  0.954                       102     177.162    AVAIL              102 
  WINDOW  0.957                       100     181.205    AVAIL                  



   Queue     Maximum      Average       Total        Zero     Percent      Average      $Average     Qtable     Current
            Contents     Contents      Entries     Entries     Zeros      Time/Unit    Time/Unit     Number    Contents
   WAIT1           5        1.469         103          11       10.7       269.992       302.274                      1
   WAIT2           6        2.423         103           0                  445.434       445.434                      2



  Random    Antithetic     Initial     Current      Sample   Chi-Square
  Stream      Variates    Position    Position       Count   Uniformity
       1           OFF      100000      100407         407      0.89



Status of Common Storage

    9352 bytes available
     648 in use
    1336 used (max)

Simulation complete.  Absolute Clock: 18936.6299



Total Block Executions: 1318

Blocks / second:        9269757

Microseconds / Block:   0.11



Elapsed Time Used (Sec)
 
Pass1:           0.00
Sym/Xref         0.00
Pass2:           0.00
Load/Ctrl:       0.00
Execution:       0.00
Output:          0.00
---------------------
Total:           0.00
