    Student GPSS/H Release 3.70 (EC236)     24 Feb 2019   18:37:13     File: C:\Users\Alisher\Desktop\University\2018-2019 Winter\COIS4470\Assignments\Assignment 2\Question4.gps

    Line# Stmt#  If Do  Block#  *Loc	Operation	A,B,C,D,E,F,G	Comments  
 
        1     1                 *12345678901234567890123456789
        2     2                           SIMULATE
        3     3              1            GENERATE   180,180
        4     4              2            QUEUE      WAIT1
        5     5              3            SEIZE      INTERCOM
        6     6              4            DEPART     WAIT1
        7     7              5            ADVANCE    180,60
        8     8              6            RELEASE    INTERCOM
        9     9              7            ADVANCE    15,3
       10    10              8            SEIZE      WINDOW
       11    11              9            ADVANCE    180,120
       12    12             10            RELEASE    WINDOW
       13    13             11            TERMINATE  1
       14    14                 *
       15    15                           START      100
       16    16                           END

Entity Dictionary (in ascending order by entity number; "*" => value conflict.)

       Facilities: 1=INTERCOM      2=WINDOW

           Queues: 1=WAIT1

Symbol   Value   EQU Defns  Context      References by Statement Number
 
INTERCOM     1              Facility         5     8
WINDOW       2              Facility        10    12
 
WAIT1        1              Queue            4     6



Storage Requirements (Bytes)

Compiled Code:      316
Compiled Data:       40
Miscellaneous:        0
Entities:           424
Common:           10000
-----------------------
Total:            10780



GPSS/H Model Size:

Control Statements      3
Blocks                 11



Simulation begins.

Relative Clock: 18936.6299   Absolute Clock: 18936.6299



Block Current     Total  Block Current     Total  
1                   103  11                  100 
2           1       103 
3                   102 
4                   102 
5           1       102 
6                   101 
7           1       101 
8                   100 
9                   100 
10                  100 



          --Avg-Util-During--                                                               
Facility  Total  Avail  Unavl     Entries    Average   Current  Percent  Seizing  Preempting
           Time   Time   Time               Time/Xact   Status   Avail     Xact      Xact   
INTERCOM  0.954                       102     177.162    AVAIL              102 
  WINDOW  0.957                       100     181.205    AVAIL                  



   Queue     Maximum      Average       Total        Zero     Percent      Average      $Average     Qtable     Current
            Contents     Contents      Entries     Entries     Zeros      Time/Unit    Time/Unit     Number    Contents
   WAIT1           5        1.469         103          11       10.7       269.992       302.274                      1



  Random    Antithetic     Initial     Current      Sample   Chi-Square
  Stream      Variates    Position    Position       Count   Uniformity
       1           OFF      100000      100407         407      0.89



Status of Common Storage

    9384 bytes available
     616 in use
    1240 used (max)

Simulation complete.  Absolute Clock: 18936.6299



Total Block Executions: 1114

Blocks / second:        8849587

Microseconds / Block:   0.11



Elapsed Time Used (Sec)
 
Pass1:           0.00
Sym/Xref         0.00
Pass2:           0.00
Load/Ctrl:       0.00
Execution:       0.00
Output:          0.00
---------------------
Total:           0.00
